<html>
<head>
<title>TestNG:  Surefire test</title>
<link href="../testng.css" rel="stylesheet" type="text/css" />
<link href="../my-testng.css" rel="stylesheet" type="text/css" />

<style type="text/css">
.log { display: none;} 
.stack-trace { display: none;} 
</style>
<script type="text/javascript">
<!--
function flip(e) {
  current = e.style.display;
  if (current == 'block') {
    e.style.display = 'none';
    return 0;
  }
  else {
    e.style.display = 'block';
    return 1;
  }
}

function toggleBox(szDivId, elem, msg1, msg2)
{
  var res = -1;  if (document.getElementById) {
    res = flip(document.getElementById(szDivId));
  }
  else if (document.all) {
    // this is the way old msie versions work
    res = flip(document.all[szDivId]);
  }
  if(elem) {
    if(res == 0) elem.innerHTML = msg1; else elem.innerHTML = msg2;
  }

}

function toggleAllBoxes() {
  if (document.getElementsByTagName) {
    d = document.getElementsByTagName('div');
    for (i = 0; i < d.length; i++) {
      if (d[i].className == 'log') {
        flip(d[i]);
      }
    }
  }
}

// -->
</script>

</head>
<body>
<h2 align='center'>Surefire test</h2><table border='1' align="center">
<tr>
<td>Tests passed/Failed/Skipped:</td><td>5/5/0</td>
</tr><tr>
<td>Started on:</td><td>Sun Dec 03 13:30:56 IST 2023</td>
</tr>
<tr><td>Total time:</td><td>88 seconds (88682 ms)</td>
</tr><tr>
<td>Included groups:</td><td></td>
</tr><tr>
<td>Excluded groups:</td><td></td>
</tr>
</table><p/>
<small><i>(Hover the method name to see the test class name)</i></small><p/>
<table width='100%' border='1' class='invocation-failed'>
<tr><td colspan='4' align='center'><b>FAILED TESTS</b></td></tr>
<tr><td><b>Test method</b></td>
<td><b>Attribute(s)</b></td>
<td width="30%"><b>Exception</b></td>
<td width="10%"><b>Time (seconds)</b></td>
<td><b>Instance</b></td>
</tr>
<tr>
<td title='awesomecucumber.runners.FailedRunnerTests.runScenario()'><b>runScenario</b><br>Test class: awesomecucumber.runners.FailedRunnerTests<br>Test method: Runs Cucumber Scenarios<br>Parameters: "Show an error when try to add zero quantity", "Add to cart"</td>
<td><div><pre>java.lang.AssertionError: Failing this step intentionally to check the screenshot attached int the Report
	at awesomecucumber.stepdefinitions.ProductStepDefinitions.iShouldSeeAnError(ProductStepDefinitions.java:47)
	at ?.I should see an error(file:///C:/Workspace/Webdriver-Framework/src/test/resources/features/add_to_cart.feature:50)
... Removed 1 stack frames</pre></div><a href='#' onClick='toggleBox("stack-trace293708662", this, "Click to show all stack frames", "Click to hide stack frames")'>Click to show all stack frames</a>
<div class='stack-trace' id='stack-trace293708662'><pre>java.lang.AssertionError: Failing this step intentionally to check the screenshot attached int the Report
	at org.testng.Assert.fail(Assert.java:111)
	at awesomecucumber.stepdefinitions.ProductStepDefinitions.iShouldSeeAnError(ProductStepDefinitions.java:47)
	at ?.I should see an error(file:///C:/Workspace/Webdriver-Framework/src/test/resources/features/add_to_cart.feature:50)
</pre></div></td>
<td>11</td>
<td>awesomecucumber.runners.FailedRunnerTests@765f05af</td></tr>
<tr>
<td title='awesomecucumber.runners.MyTestNGRunnerTest.runScenario()'><b>runScenario</b><br>Test class: awesomecucumber.runners.MyTestNGRunnerTest<br>Test method: Runs Cucumber Scenarios<br>Parameters: "Add one quantity from Store", "Add to cart"</td>
<td><div><pre>org.openqa.selenium.TimeoutException: Expected condition failed: waiting for element to be clickable: By.cssSelector: a[aria-label=&apos;Add â€œAnchor Braceletâ€? to your cart&apos;] (tried for 10 second(s) with 500 milliseconds interval)
Build info: version: &apos;4.15.0&apos;, revision: &apos;1d14b5521b&apos;
System info: os.name: &apos;Windows 11&apos;, os.arch: &apos;amd64&apos;, os.version: &apos;10.0&apos;, java.version: &apos;17.0.9&apos;
Driver info: org.openqa.selenium.chrome.ChromeDriver
Capabilities {acceptInsecureCerts: false, browserName: chrome, browserVersion: 119.0.6045.200, chrome: {chromedriverVersion: 119.0.6045.105 (38c72552c5e..., userDataDir: C:\Users\shipr\AppData\Loca...}, fedcm:accounts: true, goog:chromeOptions: {debuggerAddress: localhost:63760}, networkConnectionEnabled: false, pageLoadStrategy: normal, platformName: windows, proxy: Proxy(), se:cdp: ws://localhost:63760/devtoo..., se:cdpVersion: 119.0.6045.200, setWindowRect: true, strictFileInteractability: false, timeouts: {implicit: 0, pageLoad: 300000, script: 30000}, unhandledPromptBehavior: dismiss and notify, webauthn:extension:credBlob: true, webauthn:extension:largeBlob: true, webauthn:extension:minPinLength: true, webauthn:extension:prf: true, webauthn:virtualAuthenticators: true}
Session ID: 338f866d4a9ae59ebc6df874ebd11d52
	at org.openqa.selenium.support.ui.WebDriverWait.timeoutException(WebDriverWait.java:84)
	at org.openqa.selenium.support.ui.FluentWait.until(FluentWait.java:229)
	at awesomecucumber.pages.BasePage.waitForElementToBeClickable(BasePage.java:98)
	at awesomecucumber.pages.BasePage.click(BasePage.java:59)
	at awesomecucumber.pages.StorePage.addToCart(StorePage.java:33)
	at awesomecucumber.stepdefinitions.StoreStepDefinitions.iAddAToTheCart(StoreStepDefinitions.java:33)
	at ?.I add a &quot;Anchor Bracelet&quot; to the cart(file:///C:/Workspace/Webdriver-Framework/src/test/resources/features/add_to_cart.feature:14)
</pre></div><a href='#' onClick='toggleBox("stack-trace859595124", this, "Click to show all stack frames", "Click to hide stack frames")'>Click to show all stack frames</a>
<div class='stack-trace' id='stack-trace859595124'><pre>org.openqa.selenium.TimeoutException: Expected condition failed: waiting for element to be clickable: By.cssSelector: a[aria-label=&apos;Add â€œAnchor Braceletâ€? to your cart&apos;] (tried for 10 second(s) with 500 milliseconds interval)
Build info: version: &apos;4.15.0&apos;, revision: &apos;1d14b5521b&apos;
System info: os.name: &apos;Windows 11&apos;, os.arch: &apos;amd64&apos;, os.version: &apos;10.0&apos;, java.version: &apos;17.0.9&apos;
Driver info: org.openqa.selenium.chrome.ChromeDriver
Capabilities {acceptInsecureCerts: false, browserName: chrome, browserVersion: 119.0.6045.200, chrome: {chromedriverVersion: 119.0.6045.105 (38c72552c5e..., userDataDir: C:\Users\shipr\AppData\Loca...}, fedcm:accounts: true, goog:chromeOptions: {debuggerAddress: localhost:63760}, networkConnectionEnabled: false, pageLoadStrategy: normal, platformName: windows, proxy: Proxy(), se:cdp: ws://localhost:63760/devtoo..., se:cdpVersion: 119.0.6045.200, setWindowRect: true, strictFileInteractability: false, timeouts: {implicit: 0, pageLoad: 300000, script: 30000}, unhandledPromptBehavior: dismiss and notify, webauthn:extension:credBlob: true, webauthn:extension:largeBlob: true, webauthn:extension:minPinLength: true, webauthn:extension:prf: true, webauthn:virtualAuthenticators: true}
Session ID: 338f866d4a9ae59ebc6df874ebd11d52
	at org.openqa.selenium.support.ui.WebDriverWait.timeoutException(WebDriverWait.java:84)
	at org.openqa.selenium.support.ui.FluentWait.until(FluentWait.java:229)
	at awesomecucumber.pages.BasePage.waitForElementToBeClickable(BasePage.java:98)
	at awesomecucumber.pages.BasePage.click(BasePage.java:59)
	at awesomecucumber.pages.StorePage.addToCart(StorePage.java:33)
	at awesomecucumber.stepdefinitions.StoreStepDefinitions.iAddAToTheCart(StoreStepDefinitions.java:33)
	at ?.I add a &quot;Anchor Bracelet&quot; to the cart(file:///C:/Workspace/Webdriver-Framework/src/test/resources/features/add_to_cart.feature:14)
</pre></div></td>
<td>24</td>
<td>awesomecucumber.runners.MyTestNGRunnerTest@758a34ce</td></tr>
<tr>
<td title='awesomecucumber.runners.MyTestNGRunnerTest.runScenario()'><b>runScenario</b><br>Test class: awesomecucumber.runners.MyTestNGRunnerTest<br>Test method: Runs Cucumber Scenarios<br>Parameters: "Show an error when try to add zero quantity", "Add to cart"</td>
<td><div><pre>java.lang.AssertionError: Failing this step intentionally to check the screenshot attached int the Report
	at awesomecucumber.stepdefinitions.ProductStepDefinitions.iShouldSeeAnError(ProductStepDefinitions.java:47)
	at ?.I should see an error(file:///C:/Workspace/Webdriver-Framework/src/test/resources/features/add_to_cart.feature:50)
... Removed 1 stack frames</pre></div><a href='#' onClick='toggleBox("stack-trace135228885", this, "Click to show all stack frames", "Click to hide stack frames")'>Click to show all stack frames</a>
<div class='stack-trace' id='stack-trace135228885'><pre>java.lang.AssertionError: Failing this step intentionally to check the screenshot attached int the Report
	at org.testng.Assert.fail(Assert.java:111)
	at awesomecucumber.stepdefinitions.ProductStepDefinitions.iShouldSeeAnError(ProductStepDefinitions.java:47)
	at ?.I should see an error(file:///C:/Workspace/Webdriver-Framework/src/test/resources/features/add_to_cart.feature:50)
</pre></div></td>
<td>21</td>
<td>awesomecucumber.runners.MyTestNGRunnerTest@758a34ce</td></tr>
<tr>
<td title='awesomecucumber.runners.MyTestNGRunnerTest.runScenario()'><b>runScenario</b><br>Test class: awesomecucumber.runners.MyTestNGRunnerTest<br>Test method: Runs Cucumber Scenarios<br>Parameters: "Add one quantity from Store", "Add to cart"</td>
<td><div><pre>org.openqa.selenium.TimeoutException: Expected condition failed: waiting for element to be clickable: By.cssSelector: a[aria-label=&apos;Add â€œBlue Shoesâ€? to your cart&apos;] (tried for 10 second(s) with 500 milliseconds interval)
Build info: version: &apos;4.15.0&apos;, revision: &apos;1d14b5521b&apos;
System info: os.name: &apos;Windows 11&apos;, os.arch: &apos;amd64&apos;, os.version: &apos;10.0&apos;, java.version: &apos;17.0.9&apos;
Driver info: org.openqa.selenium.chrome.ChromeDriver
Capabilities {acceptInsecureCerts: false, browserName: chrome, browserVersion: 119.0.6045.200, chrome: {chromedriverVersion: 119.0.6045.105 (38c72552c5e..., userDataDir: C:\Users\shipr\AppData\Loca...}, fedcm:accounts: true, goog:chromeOptions: {debuggerAddress: localhost:63759}, networkConnectionEnabled: false, pageLoadStrategy: normal, platformName: windows, proxy: Proxy(), se:cdp: ws://localhost:63759/devtoo..., se:cdpVersion: 119.0.6045.200, setWindowRect: true, strictFileInteractability: false, timeouts: {implicit: 0, pageLoad: 300000, script: 30000}, unhandledPromptBehavior: dismiss and notify, webauthn:extension:credBlob: true, webauthn:extension:largeBlob: true, webauthn:extension:minPinLength: true, webauthn:extension:prf: true, webauthn:virtualAuthenticators: true}
Session ID: 5f0b64497c0fa530f48946f4d38e81bd
	at org.openqa.selenium.support.ui.WebDriverWait.timeoutException(WebDriverWait.java:84)
	at org.openqa.selenium.support.ui.FluentWait.until(FluentWait.java:229)
	at awesomecucumber.pages.BasePage.waitForElementToBeClickable(BasePage.java:98)
	at awesomecucumber.pages.BasePage.click(BasePage.java:59)
	at awesomecucumber.pages.StorePage.addToCart(StorePage.java:33)
	at awesomecucumber.stepdefinitions.StoreStepDefinitions.iAddAToTheCart(StoreStepDefinitions.java:33)
	at ?.I add a &quot;Blue Shoes&quot; to the cart(file:///C:/Workspace/Webdriver-Framework/src/test/resources/features/add_to_cart.feature:14)
</pre></div><a href='#' onClick='toggleBox("stack-trace58589269", this, "Click to show all stack frames", "Click to hide stack frames")'>Click to show all stack frames</a>
<div class='stack-trace' id='stack-trace58589269'><pre>org.openqa.selenium.TimeoutException: Expected condition failed: waiting for element to be clickable: By.cssSelector: a[aria-label=&apos;Add â€œBlue Shoesâ€? to your cart&apos;] (tried for 10 second(s) with 500 milliseconds interval)
Build info: version: &apos;4.15.0&apos;, revision: &apos;1d14b5521b&apos;
System info: os.name: &apos;Windows 11&apos;, os.arch: &apos;amd64&apos;, os.version: &apos;10.0&apos;, java.version: &apos;17.0.9&apos;
Driver info: org.openqa.selenium.chrome.ChromeDriver
Capabilities {acceptInsecureCerts: false, browserName: chrome, browserVersion: 119.0.6045.200, chrome: {chromedriverVersion: 119.0.6045.105 (38c72552c5e..., userDataDir: C:\Users\shipr\AppData\Loca...}, fedcm:accounts: true, goog:chromeOptions: {debuggerAddress: localhost:63759}, networkConnectionEnabled: false, pageLoadStrategy: normal, platformName: windows, proxy: Proxy(), se:cdp: ws://localhost:63759/devtoo..., se:cdpVersion: 119.0.6045.200, setWindowRect: true, strictFileInteractability: false, timeouts: {implicit: 0, pageLoad: 300000, script: 30000}, unhandledPromptBehavior: dismiss and notify, webauthn:extension:credBlob: true, webauthn:extension:largeBlob: true, webauthn:extension:minPinLength: true, webauthn:extension:prf: true, webauthn:virtualAuthenticators: true}
Session ID: 5f0b64497c0fa530f48946f4d38e81bd
	at org.openqa.selenium.support.ui.WebDriverWait.timeoutException(WebDriverWait.java:84)
	at org.openqa.selenium.support.ui.FluentWait.until(FluentWait.java:229)
	at awesomecucumber.pages.BasePage.waitForElementToBeClickable(BasePage.java:98)
	at awesomecucumber.pages.BasePage.click(BasePage.java:59)
	at awesomecucumber.pages.StorePage.addToCart(StorePage.java:33)
	at awesomecucumber.stepdefinitions.StoreStepDefinitions.iAddAToTheCart(StoreStepDefinitions.java:33)
	at ?.I add a &quot;Blue Shoes&quot; to the cart(file:///C:/Workspace/Webdriver-Framework/src/test/resources/features/add_to_cart.feature:14)
</pre></div></td>
<td>25</td>
<td>awesomecucumber.runners.MyTestNGRunnerTest@758a34ce</td></tr>
<tr>
<td title='awesomecucumber.runners.MyTestNGRunnerTest.runScenario()'><b>runScenario</b><br>Test class: awesomecucumber.runners.MyTestNGRunnerTest<br>Test method: Runs Cucumber Scenarios<br>Parameters: "Add the product already in the cart", "Add to cart"</td>
<td><div><pre>org.openqa.selenium.TimeoutException: Expected condition failed: waiting for element to be clickable: By.cssSelector: a[aria-label=&apos;Add â€œBlue Shoesâ€? to your cart&apos;] (tried for 10 second(s) with 500 milliseconds interval)
Build info: version: &apos;4.15.0&apos;, revision: &apos;1d14b5521b&apos;
System info: os.name: &apos;Windows 11&apos;, os.arch: &apos;amd64&apos;, os.version: &apos;10.0&apos;, java.version: &apos;17.0.9&apos;
Driver info: org.openqa.selenium.chrome.ChromeDriver
Capabilities {acceptInsecureCerts: false, browserName: chrome, browserVersion: 119.0.6045.200, chrome: {chromedriverVersion: 119.0.6045.105 (38c72552c5e..., userDataDir: C:\Users\shipr\AppData\Loca...}, fedcm:accounts: true, goog:chromeOptions: {debuggerAddress: localhost:63761}, networkConnectionEnabled: false, pageLoadStrategy: normal, platformName: windows, proxy: Proxy(), se:cdp: ws://localhost:63761/devtoo..., se:cdpVersion: 119.0.6045.200, setWindowRect: true, strictFileInteractability: false, timeouts: {implicit: 0, pageLoad: 300000, script: 30000}, unhandledPromptBehavior: dismiss and notify, webauthn:extension:credBlob: true, webauthn:extension:largeBlob: true, webauthn:extension:minPinLength: true, webauthn:extension:prf: true, webauthn:virtualAuthenticators: true}
Session ID: f281bbf2d81195d4e192e0953658dc76
	at org.openqa.selenium.support.ui.WebDriverWait.timeoutException(WebDriverWait.java:84)
	at org.openqa.selenium.support.ui.FluentWait.until(FluentWait.java:229)
	at awesomecucumber.pages.BasePage.waitForElementToBeClickable(BasePage.java:98)
	at awesomecucumber.pages.BasePage.click(BasePage.java:59)
	at awesomecucumber.pages.StorePage.addToCart(StorePage.java:33)
	at awesomecucumber.stepdefinitions.StoreStepDefinitions.iAddItAgain(StoreStepDefinitions.java:28)
	at ?.I add it again(file:///C:/Workspace/Webdriver-Framework/src/test/resources/features/add_to_cart.feature:24)
</pre></div><a href='#' onClick='toggleBox("stack-trace1246438164", this, "Click to show all stack frames", "Click to hide stack frames")'>Click to show all stack frames</a>
<div class='stack-trace' id='stack-trace1246438164'><pre>org.openqa.selenium.TimeoutException: Expected condition failed: waiting for element to be clickable: By.cssSelector: a[aria-label=&apos;Add â€œBlue Shoesâ€? to your cart&apos;] (tried for 10 second(s) with 500 milliseconds interval)
Build info: version: &apos;4.15.0&apos;, revision: &apos;1d14b5521b&apos;
System info: os.name: &apos;Windows 11&apos;, os.arch: &apos;amd64&apos;, os.version: &apos;10.0&apos;, java.version: &apos;17.0.9&apos;
Driver info: org.openqa.selenium.chrome.ChromeDriver
Capabilities {acceptInsecureCerts: false, browserName: chrome, browserVersion: 119.0.6045.200, chrome: {chromedriverVersion: 119.0.6045.105 (38c72552c5e..., userDataDir: C:\Users\shipr\AppData\Loca...}, fedcm:accounts: true, goog:chromeOptions: {debuggerAddress: localhost:63761}, networkConnectionEnabled: false, pageLoadStrategy: normal, platformName: windows, proxy: Proxy(), se:cdp: ws://localhost:63761/devtoo..., se:cdpVersion: 119.0.6045.200, setWindowRect: true, strictFileInteractability: false, timeouts: {implicit: 0, pageLoad: 300000, script: 30000}, unhandledPromptBehavior: dismiss and notify, webauthn:extension:credBlob: true, webauthn:extension:largeBlob: true, webauthn:extension:minPinLength: true, webauthn:extension:prf: true, webauthn:virtualAuthenticators: true}
Session ID: f281bbf2d81195d4e192e0953658dc76
	at org.openqa.selenium.support.ui.WebDriverWait.timeoutException(WebDriverWait.java:84)
	at org.openqa.selenium.support.ui.FluentWait.until(FluentWait.java:229)
	at awesomecucumber.pages.BasePage.waitForElementToBeClickable(BasePage.java:98)
	at awesomecucumber.pages.BasePage.click(BasePage.java:59)
	at awesomecucumber.pages.StorePage.addToCart(StorePage.java:33)
	at awesomecucumber.stepdefinitions.StoreStepDefinitions.iAddItAgain(StoreStepDefinitions.java:28)
	at ?.I add it again(file:///C:/Workspace/Webdriver-Framework/src/test/resources/features/add_to_cart.feature:24)
</pre></div></td>
<td>36</td>
<td>awesomecucumber.runners.MyTestNGRunnerTest@758a34ce</td></tr>
</table><p>
<table width='100%' border='1' class='invocation-passed'>
<tr><td colspan='4' align='center'><b>PASSED TESTS</b></td></tr>
<tr><td><b>Test method</b></td>
<td><b>Attribute(s)</b></td>
<td width="30%"><b>Exception</b></td>
<td width="10%"><b>Time (seconds)</b></td>
<td><b>Instance</b></td>
</tr>
<tr>
<td title='awesomecucumber.runners.MyTestNGRunnerTest.runScenario()'><b>runScenario</b><br>Test class: awesomecucumber.runners.MyTestNGRunnerTest<br>Test method: Runs Cucumber Scenarios<br>Parameters: "Change the product quantity using arrows", "Add to cart"</td>
<td></td>
<td>21</td>
<td>awesomecucumber.runners.MyTestNGRunnerTest@758a34ce</td></tr>
<tr>
<td title='awesomecucumber.runners.MyTestNGRunnerTest.runScenario()'><b>runScenario</b><br>Test class: awesomecucumber.runners.MyTestNGRunnerTest<br>Test method: Runs Cucumber Scenarios<br>Parameters: "using default payment option", "Place an order"</td>
<td></td>
<td>35</td>
<td>awesomecucumber.runners.MyTestNGRunnerTest@758a34ce</td></tr>
<tr>
<td title='awesomecucumber.runners.MyTestNGRunnerTest.runScenario()'><b>runScenario</b><br>Test class: awesomecucumber.runners.MyTestNGRunnerTest<br>Test method: Runs Cucumber Scenarios<br>Parameters: "Change the product quantity using arrows", "Add to cart"</td>
<td></td>
<td>22</td>
<td>awesomecucumber.runners.MyTestNGRunnerTest@758a34ce</td></tr>
<tr>
<td title='awesomecucumber.runners.MyTestNGRunnerTest.runScenario()'><b>runScenario</b><br>Test class: awesomecucumber.runners.MyTestNGRunnerTest<br>Test method: Runs Cucumber Scenarios<br>Parameters: "Change the product quantity using arrows", "Add to cart"</td>
<td></td>
<td>21</td>
<td>awesomecucumber.runners.MyTestNGRunnerTest@758a34ce</td></tr>
<tr>
<td title='awesomecucumber.runners.MyTestNGRunnerTest.runScenario()'><b>runScenario</b><br>Test class: awesomecucumber.runners.MyTestNGRunnerTest<br>Test method: Runs Cucumber Scenarios<br>Parameters: "Add the product already in the cart", "Add to cart"</td>
<td></td>
<td>31</td>
<td>awesomecucumber.runners.MyTestNGRunnerTest@758a34ce</td></tr>
</table><p>
</body>
</html>