{"uuid":"54919194-51bc-413e-a132-10390d7eeb2a","historyId":"34a99bf2f2fc919e827b6afa9d784ed3","fullName":"src/test/resources/features/add_to_cart.feature:47","labels":[{"name":"tag","value":"regression"},{"name":"tag","value":"smoke"},{"name":"host","value":"Agarwal"},{"name":"thread","value":"26268@Agarwal.TestNG-PoolService-4(21)"},{"name":"feature","value":"Add to cart"},{"name":"story","value":"Show an error when try to add zero quantity"},{"name":"suite","value":"Add to cart"},{"name":"testClass","value":"Show an error when try to add zero quantity"},{"name":"framework","value":"cucumber4jvm"},{"name":"language","value":"java"},{"name":"gherkin_uri","value":"file:///C:/Workspace/Webdriver-Framework/src/test/resources/features/add_to_cart.feature"},{"name":"package","value":"src.test.resources.features.add_to_cart_feature.Add to cart"}],"links":[],"name":"Show an error when try to add zero quantity","status":"failed","statusDetails":{"known":false,"muted":false,"flaky":false,"message":"Failing this step intentionally to check the screenshot attached int the Report","trace":"java.lang.AssertionError: Failing this step intentionally to check the screenshot attached int the Report\r\n\tat org.testng.Assert.fail(Assert.java:111)\r\n\tat awesomecucumber.stepdefinitions.ProductStepDefinitions.iShouldSeeAnError(ProductStepDefinitions.java:47)\r\n\tat ✽.I should see an error(file:///C:/Workspace/Webdriver-Framework/src/test/resources/features/add_to_cart.feature:50)\r\n"},"stage":"finished","description":"  As a customer of AskOmDch app,\n  I should be able to add product(s) to the cart,\n  So that I can purchase them","steps":[{"name":"Given  I'm browsing \"Blue Shoes\"","status":"passed","statusDetails":{"known":false,"muted":false,"flaky":false},"stage":"finished","steps":[],"attachments":[],"parameters":[],"start":1701446005334,"stop":1701446008612},{"name":"When  I add 0 quantity","status":"passed","statusDetails":{"known":false,"muted":false,"flaky":false},"stage":"finished","steps":[],"attachments":[],"parameters":[],"start":1701446008615,"stop":1701446011433},{"name":"Then  I should see an error","status":"failed","statusDetails":{"known":false,"muted":false,"flaky":false,"message":"Failing this step intentionally to check the screenshot attached int the Report","trace":"java.lang.AssertionError: Failing this step intentionally to check the screenshot attached int the Report\r\n\tat org.testng.Assert.fail(Assert.java:111)\r\n\tat awesomecucumber.stepdefinitions.ProductStepDefinitions.iShouldSeeAnError(ProductStepDefinitions.java:47)\r\n\tat ✽.I should see an error(file:///C:/Workspace/Webdriver-Framework/src/test/resources/features/add_to_cart.feature:50)\r\n"},"stage":"finished","steps":[],"attachments":[],"parameters":[],"start":1701446011438,"stop":1701446012373}],"attachments":[],"parameters":[],"start":1701445994546,"stop":1701446014724}