{"uid":"64ec458a465bbb6c","name":"Show an error when try to add zero quantity","fullName":"src/test/resources/features/add_to_cart.feature:47","historyId":"34a99bf2f2fc919e827b6afa9d784ed3","time":{"start":1701445618368,"stop":1701445622487,"duration":4119},"description":"  As a customer of AskOmDch app,\n  I should be able to add product(s) to the cart,\n  So that I can purchase them","descriptionHtml":"<p>As a customer of AskOmDch app,<br />\nI should be able to add product(s) to the cart,<br />\nSo that I can purchase them</p>\n","status":"failed","statusMessage":"Failing this step intentionally to check the screenshot attached int the Report","statusTrace":"java.lang.AssertionError: Failing this step intentionally to check the screenshot attached int the Report\r\n\tat org.testng.Assert.fail(Assert.java:111)\r\n\tat awesomecucumber.stepdefinitions.ProductStepDefinitions.iShouldSeeAnError(ProductStepDefinitions.java:47)\r\n\tat ✽.I should see an error(file:///C:/Workspace/Webdriver-Framework/src/test/resources/features/add_to_cart.feature:50)\r\n","flaky":false,"newFailed":false,"newBroken":false,"newPassed":false,"retriesCount":0,"retriesStatusChange":false,"beforeStages":[{"name":"void awesomecucumber.hooks.MyHooks.before(io.cucumber.java.Scenario)","time":{"start":1701445618368,"stop":1701445619552,"duration":1184},"status":"passed","steps":[],"attachments":[],"parameters":[],"shouldDisplayMessage":false,"attachmentsCount":0,"hasContent":false,"stepsCount":0,"attachmentStep":false}],"testStage":{"description":"  As a customer of AskOmDch app,\n  I should be able to add product(s) to the cart,\n  So that I can purchase them","status":"failed","statusMessage":"Failing this step intentionally to check the screenshot attached int the Report","statusTrace":"java.lang.AssertionError: Failing this step intentionally to check the screenshot attached int the Report\r\n\tat org.testng.Assert.fail(Assert.java:111)\r\n\tat awesomecucumber.stepdefinitions.ProductStepDefinitions.iShouldSeeAnError(ProductStepDefinitions.java:47)\r\n\tat ✽.I should see an error(file:///C:/Workspace/Webdriver-Framework/src/test/resources/features/add_to_cart.feature:50)\r\n","steps":[{"name":"Given  I'm browsing \"Blue Shoes\"","time":{"start":1701445619553,"stop":1701445621606,"duration":2053},"status":"passed","steps":[],"attachments":[],"parameters":[],"shouldDisplayMessage":false,"attachmentsCount":0,"hasContent":false,"stepsCount":0,"attachmentStep":false},{"name":"When  I add 0 quantity","time":{"start":1701445621606,"stop":1701445621906,"duration":300},"status":"passed","steps":[],"attachments":[],"parameters":[],"shouldDisplayMessage":false,"attachmentsCount":0,"hasContent":false,"stepsCount":0,"attachmentStep":false},{"name":"Then  I should see an error","time":{"start":1701445621906,"stop":1701445621968,"duration":62},"status":"failed","statusMessage":"Failing this step intentionally to check the screenshot attached int the Report","statusTrace":"java.lang.AssertionError: Failing this step intentionally to check the screenshot attached int the Report\r\n\tat org.testng.Assert.fail(Assert.java:111)\r\n\tat awesomecucumber.stepdefinitions.ProductStepDefinitions.iShouldSeeAnError(ProductStepDefinitions.java:47)\r\n\tat ✽.I should see an error(file:///C:/Workspace/Webdriver-Framework/src/test/resources/features/add_to_cart.feature:50)\r\n","steps":[],"attachments":[],"parameters":[],"shouldDisplayMessage":true,"attachmentsCount":0,"hasContent":true,"stepsCount":0,"attachmentStep":false}],"attachments":[],"parameters":[],"shouldDisplayMessage":false,"attachmentsCount":0,"hasContent":true,"stepsCount":3,"attachmentStep":false},"afterStages":[{"name":"void awesomecucumber.hooks.MyHooks.after(io.cucumber.java.Scenario)","time":{"start":1701445621968,"stop":1701445622486,"duration":518},"status":"passed","steps":[],"attachments":[{"uid":"b414bc779c16bcbc","name":"Show an error when try to add zero quantity","source":"b414bc779c16bcbc.png","type":"image/png","size":245785}],"parameters":[],"shouldDisplayMessage":false,"attachmentsCount":1,"hasContent":true,"stepsCount":0,"attachmentStep":false}],"labels":[{"name":"tag","value":"regression"},{"name":"tag","value":"smoke"},{"name":"host","value":"Agarwal"},{"name":"thread","value":"21684@Agarwal.main(1)"},{"name":"feature","value":"Add to cart"},{"name":"story","value":"Show an error when try to add zero quantity"},{"name":"suite","value":"Add to cart"},{"name":"testClass","value":"Show an error when try to add zero quantity"},{"name":"framework","value":"cucumber4jvm"},{"name":"language","value":"java"},{"name":"gherkin_uri","value":"file:///C:/Workspace/Webdriver-Framework/src/test/resources/features/add_to_cart.feature"},{"name":"package","value":"src.test.resources.features.add_to_cart_feature.Add to cart"},{"name":"resultFormat","value":"allure2"}],"parameters":[],"links":[],"hidden":false,"retry":false,"extra":{"severity":"normal","retries":[],"categories":[{"name":"Product defects","matchedStatuses":[],"flaky":false}],"history":{"statistic":{"failed":2,"broken":0,"skipped":0,"passed":0,"unknown":0,"total":2},"items":[{"uid":"82b66141d384638c","status":"failed","statusDetails":"Failing this step intentionally to check the screenshot attached int the Report","time":{"start":1701444184559,"stop":1701444206225,"duration":21666}}]},"tags":["regression","smoke"]},"source":"64ec458a465bbb6c.json","parameterValues":[]}