{"uid":"92906f457db09242","name":"Show an error when try to add zero quantity","fullName":"src/test/resources/features/add_to_cart.feature:47","historyId":"34a99bf2f2fc919e827b6afa9d784ed3","time":{"start":1701452047183,"stop":1701452051396,"duration":4213},"description":"  As a customer of AskOmDch app,\n  I should be able to add product(s) to the cart,\n  So that I can purchase them","descriptionHtml":"<p>As a customer of AskOmDch app,<br />\nI should be able to add product(s) to the cart,<br />\nSo that I can purchase them</p>\n","status":"failed","statusMessage":"Failing this step intentionally to check the screenshot attached int the Report","statusTrace":"java.lang.AssertionError: Failing this step intentionally to check the screenshot attached int the Report\r\n\tat org.testng.Assert.fail(Assert.java:111)\r\n\tat awesomecucumber.stepdefinitions.ProductStepDefinitions.iShouldSeeAnError(ProductStepDefinitions.java:47)\r\n\tat ✽.I should see an error(file:///C:/Workspace/Webdriver-Framework/src/test/resources/features/add_to_cart.feature:50)\r\n","flaky":false,"newFailed":false,"newBroken":false,"newPassed":false,"retriesCount":0,"retriesStatusChange":false,"beforeStages":[{"name":"void awesomecucumber.hooks.MyHooks.before(io.cucumber.java.Scenario)","time":{"start":1701452047183,"stop":1701452048440,"duration":1257},"status":"passed","steps":[],"attachments":[],"parameters":[],"attachmentsCount":0,"shouldDisplayMessage":false,"stepsCount":0,"attachmentStep":false,"hasContent":false}],"testStage":{"description":"  As a customer of AskOmDch app,\n  I should be able to add product(s) to the cart,\n  So that I can purchase them","status":"failed","statusMessage":"Failing this step intentionally to check the screenshot attached int the Report","statusTrace":"java.lang.AssertionError: Failing this step intentionally to check the screenshot attached int the Report\r\n\tat org.testng.Assert.fail(Assert.java:111)\r\n\tat awesomecucumber.stepdefinitions.ProductStepDefinitions.iShouldSeeAnError(ProductStepDefinitions.java:47)\r\n\tat ✽.I should see an error(file:///C:/Workspace/Webdriver-Framework/src/test/resources/features/add_to_cart.feature:50)\r\n","steps":[{"name":"Given  I'm browsing \"Blue Shoes\"","time":{"start":1701452048440,"stop":1701452050356,"duration":1916},"status":"passed","steps":[],"attachments":[],"parameters":[],"attachmentsCount":0,"shouldDisplayMessage":false,"stepsCount":0,"attachmentStep":false,"hasContent":false},{"name":"When  I add 0 quantity","time":{"start":1701452050357,"stop":1701452050706,"duration":349},"status":"passed","steps":[],"attachments":[],"parameters":[],"attachmentsCount":0,"shouldDisplayMessage":false,"stepsCount":0,"attachmentStep":false,"hasContent":false},{"name":"Then  I should see an error","time":{"start":1701452050706,"stop":1701452050801,"duration":95},"status":"failed","statusMessage":"Failing this step intentionally to check the screenshot attached int the Report","statusTrace":"java.lang.AssertionError: Failing this step intentionally to check the screenshot attached int the Report\r\n\tat org.testng.Assert.fail(Assert.java:111)\r\n\tat awesomecucumber.stepdefinitions.ProductStepDefinitions.iShouldSeeAnError(ProductStepDefinitions.java:47)\r\n\tat ✽.I should see an error(file:///C:/Workspace/Webdriver-Framework/src/test/resources/features/add_to_cart.feature:50)\r\n","steps":[],"attachments":[],"parameters":[],"attachmentsCount":0,"shouldDisplayMessage":true,"stepsCount":0,"attachmentStep":false,"hasContent":true}],"attachments":[],"parameters":[],"attachmentsCount":0,"shouldDisplayMessage":false,"stepsCount":3,"attachmentStep":false,"hasContent":true},"afterStages":[{"name":"void awesomecucumber.hooks.MyHooks.after(io.cucumber.java.Scenario)","time":{"start":1701452050801,"stop":1701452051396,"duration":595},"status":"passed","steps":[],"attachments":[{"uid":"4930404f40dc5100","name":"Show an error when try to add zero quantity","source":"4930404f40dc5100.png","type":"image/png","size":245567}],"parameters":[],"attachmentsCount":1,"shouldDisplayMessage":false,"stepsCount":0,"attachmentStep":false,"hasContent":true}],"labels":[{"name":"tag","value":"regression"},{"name":"tag","value":"smoke"},{"name":"host","value":"Agarwal"},{"name":"thread","value":"13152@Agarwal.TestNG-PoolService-1(18)"},{"name":"feature","value":"Add to cart"},{"name":"story","value":"Show an error when try to add zero quantity"},{"name":"suite","value":"Add to cart"},{"name":"testClass","value":"Show an error when try to add zero quantity"},{"name":"framework","value":"cucumber4jvm"},{"name":"language","value":"java"},{"name":"gherkin_uri","value":"file:///C:/Workspace/Webdriver-Framework/src/test/resources/features/add_to_cart.feature"},{"name":"package","value":"src.test.resources.features.add_to_cart_feature.Add to cart"},{"name":"resultFormat","value":"allure2"}],"parameters":[],"links":[],"hidden":false,"retry":false,"extra":{"severity":"normal","retries":[],"categories":[{"name":"Product defects","matchedStatuses":[],"flaky":false}],"history":{"statistic":{"failed":4,"broken":0,"skipped":0,"passed":0,"unknown":0,"total":4},"items":[{"uid":"812fd1866901b2d3","status":"failed","statusDetails":"Failing this step intentionally to check the screenshot attached int the Report","time":{"start":1701451162346,"stop":1701451166430,"duration":4084}},{"uid":"64ec458a465bbb6c","status":"failed","statusDetails":"Failing this step intentionally to check the screenshot attached int the Report","time":{"start":1701445618368,"stop":1701445622487,"duration":4119}},{"uid":"82b66141d384638c","status":"failed","statusDetails":"Failing this step intentionally to check the screenshot attached int the Report","time":{"start":1701444184559,"stop":1701444206225,"duration":21666}}]},"tags":["regression","smoke"]},"source":"92906f457db09242.json","parameterValues":[]}