{"uid":"c3323124f859d2d2","name":"Show an error when try to add zero quantity","fullName":"src/test/resources/features/add_to_cart.feature:47","historyId":"34a99bf2f2fc919e827b6afa9d784ed3","time":{"start":1701590487580,"stop":1701590509290,"duration":21710},"description":"  As a customer of AskOmDch app,\n  I should be able to add product(s) to the cart,\n  So that I can purchase them","descriptionHtml":"<p>As a customer of AskOmDch app,<br />\nI should be able to add product(s) to the cart,<br />\nSo that I can purchase them</p>\n","status":"failed","statusMessage":"Failing this step intentionally to check the screenshot attached int the Report","statusTrace":"java.lang.AssertionError: Failing this step intentionally to check the screenshot attached int the Report\r\n\tat org.testng.Assert.fail(Assert.java:111)\r\n\tat awesomecucumber.stepdefinitions.ProductStepDefinitions.iShouldSeeAnError(ProductStepDefinitions.java:47)\r\n\tat ✽.I should see an error(file:///C:/Workspace/Webdriver-Framework/src/test/resources/features/add_to_cart.feature:50)\r\n","flaky":false,"newFailed":false,"newBroken":false,"newPassed":false,"retriesCount":0,"retriesStatusChange":false,"beforeStages":[{"name":"void awesomecucumber.hooks.MyHooks.before(io.cucumber.java.Scenario)","time":{"start":1701590487580,"stop":1701590494759,"duration":7179},"status":"passed","steps":[],"attachments":[],"parameters":[],"shouldDisplayMessage":false,"attachmentsCount":0,"hasContent":false,"stepsCount":0,"attachmentStep":false}],"testStage":{"description":"  As a customer of AskOmDch app,\n  I should be able to add product(s) to the cart,\n  So that I can purchase them","status":"failed","statusMessage":"Failing this step intentionally to check the screenshot attached int the Report","statusTrace":"java.lang.AssertionError: Failing this step intentionally to check the screenshot attached int the Report\r\n\tat org.testng.Assert.fail(Assert.java:111)\r\n\tat awesomecucumber.stepdefinitions.ProductStepDefinitions.iShouldSeeAnError(ProductStepDefinitions.java:47)\r\n\tat ✽.I should see an error(file:///C:/Workspace/Webdriver-Framework/src/test/resources/features/add_to_cart.feature:50)\r\n","steps":[{"name":"Given  I'm browsing \"Blue Shoes\"","time":{"start":1701590494759,"stop":1701590501161,"duration":6402},"status":"passed","steps":[],"attachments":[],"parameters":[],"shouldDisplayMessage":false,"attachmentsCount":0,"hasContent":false,"stepsCount":0,"attachmentStep":false},{"name":"When  I add 0 quantity","time":{"start":1701590501171,"stop":1701590503535,"duration":2364},"status":"passed","steps":[],"attachments":[],"parameters":[],"shouldDisplayMessage":false,"attachmentsCount":0,"hasContent":false,"stepsCount":0,"attachmentStep":false},{"name":"Then  I should see an error","time":{"start":1701590503539,"stop":1701590504380,"duration":841},"status":"failed","statusMessage":"Failing this step intentionally to check the screenshot attached int the Report","statusTrace":"java.lang.AssertionError: Failing this step intentionally to check the screenshot attached int the Report\r\n\tat org.testng.Assert.fail(Assert.java:111)\r\n\tat awesomecucumber.stepdefinitions.ProductStepDefinitions.iShouldSeeAnError(ProductStepDefinitions.java:47)\r\n\tat ✽.I should see an error(file:///C:/Workspace/Webdriver-Framework/src/test/resources/features/add_to_cart.feature:50)\r\n","steps":[],"attachments":[],"parameters":[],"shouldDisplayMessage":true,"attachmentsCount":0,"hasContent":true,"stepsCount":0,"attachmentStep":false}],"attachments":[],"parameters":[],"shouldDisplayMessage":false,"attachmentsCount":0,"hasContent":true,"stepsCount":3,"attachmentStep":false},"afterStages":[{"name":"void awesomecucumber.hooks.MyHooks.after(io.cucumber.java.Scenario)","time":{"start":1701590504382,"stop":1701590509290,"duration":4908},"status":"passed","steps":[],"attachments":[{"uid":"4249a99e86cbc941","name":"Show an error when try to add zero quantity","source":"4249a99e86cbc941.png","type":"image/png","size":242314}],"parameters":[],"shouldDisplayMessage":false,"attachmentsCount":1,"hasContent":true,"stepsCount":0,"attachmentStep":false}],"labels":[{"name":"tag","value":"regression"},{"name":"tag","value":"smoke"},{"name":"host","value":"Agarwal"},{"name":"thread","value":"23400@Agarwal.TestNG-PoolService-4(44)"},{"name":"feature","value":"Add to cart"},{"name":"story","value":"Show an error when try to add zero quantity"},{"name":"suite","value":"Add to cart"},{"name":"testClass","value":"Show an error when try to add zero quantity"},{"name":"framework","value":"cucumber4jvm"},{"name":"language","value":"java"},{"name":"gherkin_uri","value":"file:///C:/Workspace/Webdriver-Framework/src/test/resources/features/add_to_cart.feature"},{"name":"package","value":"src.test.resources.features.add_to_cart_feature.Add to cart"},{"name":"resultFormat","value":"allure2"}],"parameters":[],"links":[],"hidden":false,"retry":false,"extra":{"severity":"normal","retries":[],"categories":[{"name":"Product defects","matchedStatuses":[],"flaky":false}],"history":{"statistic":{"failed":5,"broken":0,"skipped":0,"passed":0,"unknown":0,"total":5},"items":[{"uid":"92906f457db09242","status":"failed","statusDetails":"Failing this step intentionally to check the screenshot attached int the Report","time":{"start":1701452047183,"stop":1701452051396,"duration":4213}},{"uid":"812fd1866901b2d3","status":"failed","statusDetails":"Failing this step intentionally to check the screenshot attached int the Report","time":{"start":1701451162346,"stop":1701451166430,"duration":4084}},{"uid":"64ec458a465bbb6c","status":"failed","statusDetails":"Failing this step intentionally to check the screenshot attached int the Report","time":{"start":1701445618368,"stop":1701445622487,"duration":4119}},{"uid":"82b66141d384638c","status":"failed","statusDetails":"Failing this step intentionally to check the screenshot attached int the Report","time":{"start":1701444184559,"stop":1701444206225,"duration":21666}}]},"tags":["regression","smoke"]},"source":"c3323124f859d2d2.json","parameterValues":[]}